<?xml version="1.0" encoding="UTF-8"?>
<!-- Generated by org.testng.reporters.JUnitXMLReporter -->
<testsuite hostname="DESKTOP-EDG9KS6" ignored="0" name="ModuleTwoTest" tests="4" failures="0" timestamp="2023-03-04T15:02:46 IST" time="0.054" errors="0">
  <testcase name="TestFour" time="0.003" classname="parallelScripts.SampleThreeTest"/>
  <testcase name="TestOne" time="0.01" classname="parallelScripts.SampleThreeTest"/>
  <testcase name="TestThree" time="0.004" classname="parallelScripts.SampleThreeTest"/>
  <testcase name="TestTwo" time="0.003" classname="parallelScripts.SampleThreeTest"/>
</testsuite> <!-- ModuleTwoTest -->
