<?xml version="1.0" encoding="UTF-8"?>
<!-- Generated by org.testng.reporters.JUnitXMLReporter -->
<testsuite hostname="DESKTOP-EDG9KS6" ignored="0" name="ModuleOneTest" tests="13" failures="0" timestamp="2023-03-04T15:02:46 IST" time="0.603" errors="0">
  <testcase name="TestFour" time="0.014" classname="parallelScripts.SampleOneTest"/>
  <testcase name="TestFour" time="0.007" classname="parallelScripts.SampleTwoTest"/>
  <testcase name="TestOne" time="0.006" classname="parallelScripts.SampleTwoTest"/>
  <testcase name="TestThree" time="0.071" classname="parallelScripts.SampleTwoTest"/>
  <testcase name="TestFour" time="0.261" classname="parallelScripts.SampleOneTest"/>
  <testcase name="TestFour" time="0.18" classname="parallelScripts.SampleOneTest"/>
  <testcase name="TestFour" time="0.003" classname="parallelScripts.SampleOneTest"/>
  <testcase name="TestFour" time="0.011" classname="parallelScripts.SampleOneTest"/>
  <testcase name="TestTwo" time="0.165" classname="parallelScripts.SampleTwoTest"/>
  <testcase name="TestFour" time="0.197" classname="parallelScripts.SampleOneTest"/>
  <testcase name="TestOne" time="0.005" classname="parallelScripts.SampleOneTest"/>
  <testcase name="TestThree" time="0.004" classname="parallelScripts.SampleOneTest"/>
  <testcase name="TestTwo" time="0.004" classname="parallelScripts.SampleOneTest"/>
</testsuite> <!-- ModuleOneTest -->
